Analysis & Synthesis report for Lab10
Fri Nov 30 13:31:40 2018
Quartus Prime Version 18.1.0 Build 625 09/12/2018 SJ Lite Edition


---------------------
; Table of Contents ;
---------------------
  1. Legal Notice
  2. Analysis & Synthesis Summary
  3. Analysis & Synthesis Settings
  4. Parallel Compilation
  5. Analysis & Synthesis Source Files Read
  6. Analysis & Synthesis Resource Usage Summary
  7. Analysis & Synthesis Resource Utilization by Entity
  8. State Machine - |Lab10|current_state
  9. General Register Statistics
 10. Multiplexer Restructuring Statistics (Restructuring Performed)
 11. Parameter Settings for Inferred Entity Instance: ssd_driver:U1|lpm_divide:Mod0
 12. Parameter Settings for Inferred Entity Instance: ssd_driver:U1|lpm_divide:Div0
 13. Parameter Settings for Inferred Entity Instance: ssd_driver:U1|lpm_divide:Mod1
 14. Post-Synthesis Netlist Statistics for Top Partition
 15. Elapsed Time Per Partition
 16. Analysis & Synthesis Messages



----------------
; Legal Notice ;
----------------
Copyright (C) 2018  Intel Corporation. All rights reserved.
Your use of Intel Corporation's design tools, logic functions 
and other software and tools, and its AMPP partner logic 
functions, and any output files from any of the foregoing 
(including device programming or simulation files), and any 
associated documentation or information are expressly subject 
to the terms and conditions of the Intel Program License 
Subscription Agreement, the Intel Quartus Prime License Agreement,
the Intel FPGA IP License Agreement, or other applicable license
agreement, including, without limitation, that your use is for
the sole purpose of programming logic devices manufactured by
Intel and sold by Intel or its authorized distributors.  Please
refer to the applicable agreement for further details.



+-------------------------------------------------------------------------------+
; Analysis & Synthesis Summary                                                  ;
+---------------------------------+---------------------------------------------+
; Analysis & Synthesis Status     ; Successful - Fri Nov 30 13:31:39 2018       ;
; Quartus Prime Version           ; 18.1.0 Build 625 09/12/2018 SJ Lite Edition ;
; Revision Name                   ; Lab10                                       ;
; Top-level Entity Name           ; Lab10                                       ;
; Family                          ; Cyclone V                                   ;
; Logic utilization (in ALMs)     ; N/A                                         ;
; Total registers                 ; 10                                          ;
; Total pins                      ; 23                                          ;
; Total virtual pins              ; 0                                           ;
; Total block memory bits         ; 0                                           ;
; Total DSP Blocks                ; 0                                           ;
; Total HSSI RX PCSs              ; 0                                           ;
; Total HSSI PMA RX Deserializers ; 0                                           ;
; Total HSSI TX PCSs              ; 0                                           ;
; Total HSSI PMA TX Serializers   ; 0                                           ;
; Total PLLs                      ; 0                                           ;
; Total DLLs                      ; 0                                           ;
+---------------------------------+---------------------------------------------+


+---------------------------------------------------------------------------------------------------------------------------+
; Analysis & Synthesis Settings                                                                                             ;
+---------------------------------------------------------------------------------+--------------------+--------------------+
; Option                                                                          ; Setting            ; Default Value      ;
+---------------------------------------------------------------------------------+--------------------+--------------------+
; Device                                                                          ; 5CEBA4F23C7        ;                    ;
; Top-level entity name                                                           ; Lab10              ; Lab10              ;
; Family name                                                                     ; Cyclone V          ; Cyclone V          ;
; State Machine Processing                                                        ; Gray               ; Auto               ;
; Use smart compilation                                                           ; Off                ; Off                ;
; Enable parallel Assembler and Timing Analyzer during compilation                ; On                 ; On                 ;
; Enable compact report table                                                     ; Off                ; Off                ;
; Restructure Multiplexers                                                        ; Auto               ; Auto               ;
; MLAB Add Timing Constraints For Mixed-Port Feed-Through Mode Setting Don't Care ; Off                ; Off                ;
; Create Debugging Nodes for IP Cores                                             ; Off                ; Off                ;
; Preserve fewer node names                                                       ; On                 ; On                 ;
; Intel FPGA IP Evaluation Mode                                                   ; Enable             ; Enable             ;
; Verilog Version                                                                 ; Verilog_2001       ; Verilog_2001       ;
; VHDL Version                                                                    ; VHDL_1993          ; VHDL_1993          ;
; Safe State Machine                                                              ; Off                ; Off                ;
; Extract Verilog State Machines                                                  ; On                 ; On                 ;
; Extract VHDL State Machines                                                     ; On                 ; On                 ;
; Ignore Verilog initial constructs                                               ; Off                ; Off                ;
; Iteration limit for constant Verilog loops                                      ; 5000               ; 5000               ;
; Iteration limit for non-constant Verilog loops                                  ; 250                ; 250                ;
; Add Pass-Through Logic to Inferred RAMs                                         ; On                 ; On                 ;
; Infer RAMs from Raw Logic                                                       ; On                 ; On                 ;
; Parallel Synthesis                                                              ; On                 ; On                 ;
; DSP Block Balancing                                                             ; Auto               ; Auto               ;
; NOT Gate Push-Back                                                              ; On                 ; On                 ;
; Power-Up Don't Care                                                             ; On                 ; On                 ;
; Remove Redundant Logic Cells                                                    ; Off                ; Off                ;
; Remove Duplicate Registers                                                      ; On                 ; On                 ;
; Ignore CARRY Buffers                                                            ; Off                ; Off                ;
; Ignore CASCADE Buffers                                                          ; Off                ; Off                ;
; Ignore GLOBAL Buffers                                                           ; Off                ; Off                ;
; Ignore ROW GLOBAL Buffers                                                       ; Off                ; Off                ;
; Ignore LCELL Buffers                                                            ; Off                ; Off                ;
; Ignore SOFT Buffers                                                             ; On                 ; On                 ;
; Limit AHDL Integers to 32 Bits                                                  ; Off                ; Off                ;
; Optimization Technique                                                          ; Balanced           ; Balanced           ;
; Carry Chain Length                                                              ; 70                 ; 70                 ;
; Auto Carry Chains                                                               ; On                 ; On                 ;
; Auto Open-Drain Pins                                                            ; On                 ; On                 ;
; Perform WYSIWYG Primitive Resynthesis                                           ; Off                ; Off                ;
; Auto ROM Replacement                                                            ; On                 ; On                 ;
; Auto RAM Replacement                                                            ; On                 ; On                 ;
; Auto DSP Block Replacement                                                      ; On                 ; On                 ;
; Auto Shift Register Replacement                                                 ; Auto               ; Auto               ;
; Allow Shift Register Merging across Hierarchies                                 ; Auto               ; Auto               ;
; Auto Clock Enable Replacement                                                   ; On                 ; On                 ;
; Strict RAM Replacement                                                          ; Off                ; Off                ;
; Allow Synchronous Control Signals                                               ; On                 ; On                 ;
; Force Use of Synchronous Clear Signals                                          ; Off                ; Off                ;
; Auto Resource Sharing                                                           ; Off                ; Off                ;
; Allow Any RAM Size For Recognition                                              ; Off                ; Off                ;
; Allow Any ROM Size For Recognition                                              ; Off                ; Off                ;
; Allow Any Shift Register Size For Recognition                                   ; Off                ; Off                ;
; Use LogicLock Constraints during Resource Balancing                             ; On                 ; On                 ;
; Ignore translate_off and synthesis_off directives                               ; Off                ; Off                ;
; Timing-Driven Synthesis                                                         ; On                 ; On                 ;
; Report Parameter Settings                                                       ; On                 ; On                 ;
; Report Source Assignments                                                       ; On                 ; On                 ;
; Report Connectivity Checks                                                      ; On                 ; On                 ;
; Ignore Maximum Fan-Out Assignments                                              ; Off                ; Off                ;
; Synchronization Register Chain Length                                           ; 3                  ; 3                  ;
; Power Optimization During Synthesis                                             ; Normal compilation ; Normal compilation ;
; HDL message level                                                               ; Level2             ; Level2             ;
; Suppress Register Optimization Related Messages                                 ; Off                ; Off                ;
; Number of Removed Registers Reported in Synthesis Report                        ; 5000               ; 5000               ;
; Number of Swept Nodes Reported in Synthesis Report                              ; 5000               ; 5000               ;
; Number of Inverted Registers Reported in Synthesis Report                       ; 100                ; 100                ;
; Clock MUX Protection                                                            ; On                 ; On                 ;
; Auto Gated Clock Conversion                                                     ; Off                ; Off                ;
; Block Design Naming                                                             ; Auto               ; Auto               ;
; SDC constraint protection                                                       ; Off                ; Off                ;
; Synthesis Effort                                                                ; Auto               ; Auto               ;
; Shift Register Replacement - Allow Asynchronous Clear Signal                    ; On                 ; On                 ;
; Pre-Mapping Resynthesis Optimization                                            ; Off                ; Off                ;
; Analysis & Synthesis Message Level                                              ; Medium             ; Medium             ;
; Disable Register Merging Across Hierarchies                                     ; Auto               ; Auto               ;
; Resource Aware Inference For Block RAM                                          ; On                 ; On                 ;
; Automatic Parallel Synthesis                                                    ; On                 ; On                 ;
; Partial Reconfiguration Bitstream ID                                            ; Off                ; Off                ;
+---------------------------------------------------------------------------------+--------------------+--------------------+


+------------------------------------------+
; Parallel Compilation                     ;
+----------------------------+-------------+
; Processors                 ; Number      ;
+----------------------------+-------------+
; Number detected on machine ; 8           ;
; Maximum allowed            ; 4           ;
;                            ;             ;
; Average used               ; 1.00        ;
; Maximum used               ; 4           ;
;                            ;             ;
; Usage by Processor         ; % Time Used ;
;     Processor 1            ; 100.0%      ;
;     Processors 2-4         ;   0.0%      ;
+----------------------------+-------------+


+--------------------------------------------------------------------------------------------------------------------------------------------------------------------------+
; Analysis & Synthesis Source Files Read                                                                                                                                   ;
+----------------------------------+-----------------+------------------------------+----------------------------------------------------------------------------+---------+
; File Name with User-Entered Path ; Used in Netlist ; File Type                    ; File Name with Absolute Path                                               ; Library ;
+----------------------------------+-----------------+------------------------------+----------------------------------------------------------------------------+---------+
; ssd_driver.vhd                   ; yes             ; User VHDL File               ; S:/CPET232/Lab10/ssd_driver.vhd                                            ;         ;
; Lab10.vhd                        ; yes             ; User VHDL File               ; S:/CPET232/Lab10/Lab10.vhd                                                 ;         ;
; lpm_divide.tdf                   ; yes             ; Megafunction                 ; c:/intelfpga_lite/18.1/quartus/libraries/megafunctions/lpm_divide.tdf      ;         ;
; abs_divider.inc                  ; yes             ; Megafunction                 ; c:/intelfpga_lite/18.1/quartus/libraries/megafunctions/abs_divider.inc     ;         ;
; sign_div_unsign.inc              ; yes             ; Megafunction                 ; c:/intelfpga_lite/18.1/quartus/libraries/megafunctions/sign_div_unsign.inc ;         ;
; aglobal181.inc                   ; yes             ; Megafunction                 ; c:/intelfpga_lite/18.1/quartus/libraries/megafunctions/aglobal181.inc      ;         ;
; db/lpm_divide_a2m.tdf            ; yes             ; Auto-Generated Megafunction  ; S:/CPET232/Lab10/db/lpm_divide_a2m.tdf                                     ;         ;
; db/sign_div_unsign_dkh.tdf       ; yes             ; Auto-Generated Megafunction  ; S:/CPET232/Lab10/db/sign_div_unsign_dkh.tdf                                ;         ;
; db/alt_u_div_0te.tdf             ; yes             ; Auto-Generated Megafunction  ; S:/CPET232/Lab10/db/alt_u_div_0te.tdf                                      ;         ;
; db/lpm_divide_4am.tdf            ; yes             ; Auto-Generated Megafunction  ; S:/CPET232/Lab10/db/lpm_divide_4am.tdf                                     ;         ;
; db/sign_div_unsign_akh.tdf       ; yes             ; Auto-Generated Megafunction  ; S:/CPET232/Lab10/db/sign_div_unsign_akh.tdf                                ;         ;
; db/alt_u_div_qse.tdf             ; yes             ; Auto-Generated Megafunction  ; S:/CPET232/Lab10/db/alt_u_div_qse.tdf                                      ;         ;
+----------------------------------+-----------------+------------------------------+----------------------------------------------------------------------------+---------+


+---------------------------------------------------------------------------------------------------------------------------------------------------------------------------------------+
; Analysis & Synthesis Resource Usage Summary                                                                                                                                           ;
+---------------------------------------------+-----------------------------------------------------------------------------------------------------------------------------------------+
; Resource                                    ; Usage                                                                                                                                   ;
+---------------------------------------------+-----------------------------------------------------------------------------------------------------------------------------------------+
; Estimate of Logic utilization (ALMs needed) ; 104                                                                                                                                     ;
;                                             ;                                                                                                                                         ;
; Combinational ALUT usage for logic          ; 183                                                                                                                                     ;
;     -- 7 input functions                    ; 1                                                                                                                                       ;
;     -- 6 input functions                    ; 24                                                                                                                                      ;
;     -- 5 input functions                    ; 12                                                                                                                                      ;
;     -- 4 input functions                    ; 38                                                                                                                                      ;
;     -- <=3 input functions                  ; 108                                                                                                                                     ;
;                                             ;                                                                                                                                         ;
; Dedicated logic registers                   ; 10                                                                                                                                      ;
;                                             ;                                                                                                                                         ;
; I/O pins                                    ; 23                                                                                                                                      ;
;                                             ;                                                                                                                                         ;
; Total DSP Blocks                            ; 0                                                                                                                                       ;
;                                             ;                                                                                                                                         ;
; Maximum fan-out node                        ; ssd_driver:U1|lpm_divide:Mod0|lpm_divide_a2m:auto_generated|sign_div_unsign_dkh:divider|alt_u_div_0te:divider|add_sub_6_result_int[7]~1 ;
; Maximum fan-out                             ; 25                                                                                                                                      ;
; Total fan-out                               ; 692                                                                                                                                     ;
; Average fan-out                             ; 2.90                                                                                                                                    ;
+---------------------------------------------+-----------------------------------------------------------------------------------------------------------------------------------------+


+----------------------------------------------------------------------------------------------------------------------------------------------------------------------------------------------------------------------------------------------------------------------------------------------------------------+
; Analysis & Synthesis Resource Utilization by Entity                                                                                                                                                                                                                                                            ;
+-------------------------------------------+---------------------+---------------------------+-------------------+------------+------+--------------+----------------------------------------------------------------------------------------------------------------------+---------------------+--------------+
; Compilation Hierarchy Node                ; Combinational ALUTs ; Dedicated Logic Registers ; Block Memory Bits ; DSP Blocks ; Pins ; Virtual Pins ; Full Hierarchy Name                                                                                                  ; Entity Name         ; Library Name ;
+-------------------------------------------+---------------------+---------------------------+-------------------+------------+------+--------------+----------------------------------------------------------------------------------------------------------------------+---------------------+--------------+
; |Lab10                                    ; 183 (67)            ; 10 (10)                   ; 0                 ; 0          ; 23   ; 0            ; |Lab10                                                                                                               ; Lab10               ; work         ;
;    |ssd_driver:U1|                        ; 116 (14)            ; 0 (0)                     ; 0                 ; 0          ; 0    ; 0            ; |Lab10|ssd_driver:U1                                                                                                 ; ssd_driver          ; work         ;
;       |lpm_divide:Div0|                   ; 36 (0)              ; 0 (0)                     ; 0                 ; 0          ; 0    ; 0            ; |Lab10|ssd_driver:U1|lpm_divide:Div0                                                                                 ; lpm_divide          ; work         ;
;          |lpm_divide_4am:auto_generated|  ; 36 (0)              ; 0 (0)                     ; 0                 ; 0          ; 0    ; 0            ; |Lab10|ssd_driver:U1|lpm_divide:Div0|lpm_divide_4am:auto_generated                                                   ; lpm_divide_4am      ; work         ;
;             |sign_div_unsign_akh:divider| ; 36 (0)              ; 0 (0)                     ; 0                 ; 0          ; 0    ; 0            ; |Lab10|ssd_driver:U1|lpm_divide:Div0|lpm_divide_4am:auto_generated|sign_div_unsign_akh:divider                       ; sign_div_unsign_akh ; work         ;
;                |alt_u_div_qse:divider|    ; 36 (36)             ; 0 (0)                     ; 0                 ; 0          ; 0    ; 0            ; |Lab10|ssd_driver:U1|lpm_divide:Div0|lpm_divide_4am:auto_generated|sign_div_unsign_akh:divider|alt_u_div_qse:divider ; alt_u_div_qse       ; work         ;
;       |lpm_divide:Mod0|                   ; 18 (0)              ; 0 (0)                     ; 0                 ; 0          ; 0    ; 0            ; |Lab10|ssd_driver:U1|lpm_divide:Mod0                                                                                 ; lpm_divide          ; work         ;
;          |lpm_divide_a2m:auto_generated|  ; 18 (0)              ; 0 (0)                     ; 0                 ; 0          ; 0    ; 0            ; |Lab10|ssd_driver:U1|lpm_divide:Mod0|lpm_divide_a2m:auto_generated                                                   ; lpm_divide_a2m      ; work         ;
;             |sign_div_unsign_dkh:divider| ; 18 (0)              ; 0 (0)                     ; 0                 ; 0          ; 0    ; 0            ; |Lab10|ssd_driver:U1|lpm_divide:Mod0|lpm_divide_a2m:auto_generated|sign_div_unsign_dkh:divider                       ; sign_div_unsign_dkh ; work         ;
;                |alt_u_div_0te:divider|    ; 18 (18)             ; 0 (0)                     ; 0                 ; 0          ; 0    ; 0            ; |Lab10|ssd_driver:U1|lpm_divide:Mod0|lpm_divide_a2m:auto_generated|sign_div_unsign_dkh:divider|alt_u_div_0te:divider ; alt_u_div_0te       ; work         ;
;       |lpm_divide:Mod1|                   ; 48 (0)              ; 0 (0)                     ; 0                 ; 0          ; 0    ; 0            ; |Lab10|ssd_driver:U1|lpm_divide:Mod1                                                                                 ; lpm_divide          ; work         ;
;          |lpm_divide_a2m:auto_generated|  ; 48 (0)              ; 0 (0)                     ; 0                 ; 0          ; 0    ; 0            ; |Lab10|ssd_driver:U1|lpm_divide:Mod1|lpm_divide_a2m:auto_generated                                                   ; lpm_divide_a2m      ; work         ;
;             |sign_div_unsign_dkh:divider| ; 48 (0)              ; 0 (0)                     ; 0                 ; 0          ; 0    ; 0            ; |Lab10|ssd_driver:U1|lpm_divide:Mod1|lpm_divide_a2m:auto_generated|sign_div_unsign_dkh:divider                       ; sign_div_unsign_dkh ; work         ;
;                |alt_u_div_0te:divider|    ; 48 (48)             ; 0 (0)                     ; 0                 ; 0          ; 0    ; 0            ; |Lab10|ssd_driver:U1|lpm_divide:Mod1|lpm_divide_a2m:auto_generated|sign_div_unsign_dkh:divider|alt_u_div_0te:divider ; alt_u_div_0te       ; work         ;
+-------------------------------------------+---------------------+---------------------------+-------------------+------------+------+--------------+----------------------------------------------------------------------------------------------------------------------+---------------------+--------------+
Note: For table entries with two numbers listed, the numbers in parentheses indicate the number of resources of the given type used by the specific entity alone. The numbers listed outside of parentheses indicate the total resources of the given type used by the specific entity and all of its sub-entities in the hierarchy.


Encoding Type:  Gray Encoding
+-----------------------------------------------------------------------------------------------------------+
; State Machine - |Lab10|current_state                                                                      ;
+-----------------------+---------------------------+---------------------------+---------------------------+
; Name                  ; current_state.state_bit_2 ; current_state.state_bit_1 ; current_state.state_bit_0 ;
+-----------------------+---------------------------+---------------------------+---------------------------+
; current_state.wait1   ; 0                         ; 0                         ; 0                         ;
; current_state.dime    ; 0                         ; 0                         ; 1                         ;
; current_state.nickel  ; 0                         ; 1                         ; 1                         ;
; current_state.quarter ; 0                         ; 1                         ; 0                         ;
; current_state.enough  ; 1                         ; 1                         ; 0                         ;
; current_state.excess  ; 1                         ; 1                         ; 1                         ;
; current_state.vend    ; 1                         ; 0                         ; 1                         ;
; current_state.change  ; 1                         ; 0                         ; 0                         ;
+-----------------------+---------------------------+---------------------------+---------------------------+


+------------------------------------------------------+
; General Register Statistics                          ;
+----------------------------------------------+-------+
; Statistic                                    ; Value ;
+----------------------------------------------+-------+
; Total registers                              ; 10    ;
; Number of registers using Synchronous Clear  ; 0     ;
; Number of registers using Synchronous Load   ; 0     ;
; Number of registers using Asynchronous Clear ; 10    ;
; Number of registers using Asynchronous Load  ; 0     ;
; Number of registers using Clock Enable       ; 0     ;
; Number of registers using Preset             ; 0     ;
+----------------------------------------------+-------+


+------------------------------------------------------------------------------------------------------------------------------------------+
; Multiplexer Restructuring Statistics (Restructuring Performed)                                                                           ;
+--------------------+-----------+---------------+----------------------+------------------------+------------+----------------------------+
; Multiplexer Inputs ; Bus Width ; Baseline Area ; Area if Restructured ; Saving if Restructured ; Registered ; Example Multiplexer Output ;
+--------------------+-----------+---------------+----------------------+------------------------+------------+----------------------------+
; 6:1                ; 6 bits    ; 24 LEs        ; 18 LEs               ; 6 LEs                  ; Yes        ; |Lab10|money[6]            ;
+--------------------+-----------+---------------+----------------------+------------------------+------------+----------------------------+


+--------------------------------------------------------------------------------+
; Parameter Settings for Inferred Entity Instance: ssd_driver:U1|lpm_divide:Mod0 ;
+------------------------+----------------+--------------------------------------+
; Parameter Name         ; Value          ; Type                                 ;
+------------------------+----------------+--------------------------------------+
; LPM_WIDTHN             ; 7              ; Untyped                              ;
; LPM_WIDTHD             ; 7              ; Untyped                              ;
; LPM_NREPRESENTATION    ; UNSIGNED       ; Untyped                              ;
; LPM_DREPRESENTATION    ; UNSIGNED       ; Untyped                              ;
; LPM_PIPELINE           ; 0              ; Untyped                              ;
; LPM_REMAINDERPOSITIVE  ; TRUE           ; Untyped                              ;
; MAXIMIZE_SPEED         ; 5              ; Untyped                              ;
; CBXI_PARAMETER         ; lpm_divide_a2m ; Untyped                              ;
; CARRY_CHAIN            ; MANUAL         ; Untyped                              ;
; OPTIMIZE_FOR_SPEED     ; 5              ; Untyped                              ;
; AUTO_CARRY_CHAINS      ; ON             ; AUTO_CARRY                           ;
; IGNORE_CARRY_BUFFERS   ; OFF            ; IGNORE_CARRY                         ;
; AUTO_CASCADE_CHAINS    ; ON             ; AUTO_CASCADE                         ;
; IGNORE_CASCADE_BUFFERS ; OFF            ; IGNORE_CASCADE                       ;
+------------------------+----------------+--------------------------------------+
Note: In order to hide this table in the UI and the text report file, please set the "Show Parameter Settings in Synthesis Report" option in "Analysis and Synthesis Settings -> More Settings" to "Off".


+--------------------------------------------------------------------------------+
; Parameter Settings for Inferred Entity Instance: ssd_driver:U1|lpm_divide:Div0 ;
+------------------------+----------------+--------------------------------------+
; Parameter Name         ; Value          ; Type                                 ;
+------------------------+----------------+--------------------------------------+
; LPM_WIDTHN             ; 7              ; Untyped                              ;
; LPM_WIDTHD             ; 4              ; Untyped                              ;
; LPM_NREPRESENTATION    ; UNSIGNED       ; Untyped                              ;
; LPM_DREPRESENTATION    ; UNSIGNED       ; Untyped                              ;
; LPM_PIPELINE           ; 0              ; Untyped                              ;
; LPM_REMAINDERPOSITIVE  ; TRUE           ; Untyped                              ;
; MAXIMIZE_SPEED         ; 5              ; Untyped                              ;
; CBXI_PARAMETER         ; lpm_divide_4am ; Untyped                              ;
; CARRY_CHAIN            ; MANUAL         ; Untyped                              ;
; OPTIMIZE_FOR_SPEED     ; 5              ; Untyped                              ;
; AUTO_CARRY_CHAINS      ; ON             ; AUTO_CARRY                           ;
; IGNORE_CARRY_BUFFERS   ; OFF            ; IGNORE_CARRY                         ;
; AUTO_CASCADE_CHAINS    ; ON             ; AUTO_CASCADE                         ;
; IGNORE_CASCADE_BUFFERS ; OFF            ; IGNORE_CASCADE                       ;
+------------------------+----------------+--------------------------------------+
Note: In order to hide this table in the UI and the text report file, please set the "Show Parameter Settings in Synthesis Report" option in "Analysis and Synthesis Settings -> More Settings" to "Off".


+--------------------------------------------------------------------------------+
; Parameter Settings for Inferred Entity Instance: ssd_driver:U1|lpm_divide:Mod1 ;
+------------------------+----------------+--------------------------------------+
; Parameter Name         ; Value          ; Type                                 ;
+------------------------+----------------+--------------------------------------+
; LPM_WIDTHN             ; 7              ; Untyped                              ;
; LPM_WIDTHD             ; 7              ; Untyped                              ;
; LPM_NREPRESENTATION    ; UNSIGNED       ; Untyped                              ;
; LPM_DREPRESENTATION    ; UNSIGNED       ; Untyped                              ;
; LPM_PIPELINE           ; 0              ; Untyped                              ;
; LPM_REMAINDERPOSITIVE  ; TRUE           ; Untyped                              ;
; MAXIMIZE_SPEED         ; 5              ; Untyped                              ;
; CBXI_PARAMETER         ; lpm_divide_a2m ; Untyped                              ;
; CARRY_CHAIN            ; MANUAL         ; Untyped                              ;
; OPTIMIZE_FOR_SPEED     ; 5              ; Untyped                              ;
; AUTO_CARRY_CHAINS      ; ON             ; AUTO_CARRY                           ;
; IGNORE_CARRY_BUFFERS   ; OFF            ; IGNORE_CARRY                         ;
; AUTO_CASCADE_CHAINS    ; ON             ; AUTO_CASCADE                         ;
; IGNORE_CASCADE_BUFFERS ; OFF            ; IGNORE_CASCADE                       ;
+------------------------+----------------+--------------------------------------+
Note: In order to hide this table in the UI and the text report file, please set the "Show Parameter Settings in Synthesis Report" option in "Analysis and Synthesis Settings -> More Settings" to "Off".


+-----------------------------------------------------+
; Post-Synthesis Netlist Statistics for Top Partition ;
+-----------------------+-----------------------------+
; Type                  ; Count                       ;
+-----------------------+-----------------------------+
; arriav_ff             ; 10                          ;
;     CLR               ; 10                          ;
; arriav_lcell_comb     ; 185                         ;
;     arith             ; 78                          ;
;         0 data inputs ; 16                          ;
;         1 data inputs ; 25                          ;
;         2 data inputs ; 2                           ;
;         3 data inputs ; 21                          ;
;         4 data inputs ; 14                          ;
;     extend            ; 1                           ;
;         7 data inputs ; 1                           ;
;     normal            ; 98                          ;
;         1 data inputs ; 2                           ;
;         2 data inputs ; 21                          ;
;         3 data inputs ; 15                          ;
;         4 data inputs ; 24                          ;
;         5 data inputs ; 12                          ;
;         6 data inputs ; 24                          ;
;     shared            ; 8                           ;
;         0 data inputs ; 1                           ;
;         1 data inputs ; 7                           ;
; boundary_port         ; 23                          ;
;                       ;                             ;
; Max LUT depth         ; 12.40                       ;
; Average LUT depth     ; 8.06                        ;
+-----------------------+-----------------------------+


+-------------------------------+
; Elapsed Time Per Partition    ;
+----------------+--------------+
; Partition Name ; Elapsed Time ;
+----------------+--------------+
; Top            ; 00:00:03     ;
+----------------+--------------+


+-------------------------------+
; Analysis & Synthesis Messages ;
+-------------------------------+
Info: *******************************************************************
Info: Running Quartus Prime Analysis & Synthesis
    Info: Version 18.1.0 Build 625 09/12/2018 SJ Lite Edition
    Info: Processing started: Fri Nov 30 13:31:05 2018
Info: Command: quartus_map --read_settings_files=on --write_settings_files=off Lab10 -c Lab10
Warning (18236): Number of processors has not been specified which may cause overloading on shared machines.  Set the global assignment NUM_PARALLEL_PROCESSORS in your QSF to an appropriate value for best performance.
Info (20032): Parallel compilation is enabled and will use up to 4 processors
Info (12021): Found 2 design units, including 1 entities, in source file ssd_driver.vhd
    Info (12022): Found design unit 1: ssd_driver-model File: S:/CPET232/Lab10/ssd_driver.vhd Line: 16
    Info (12023): Found entity 1: ssd_driver File: S:/CPET232/Lab10/ssd_driver.vhd Line: 10
Info (12021): Found 2 design units, including 1 entities, in source file lab10.vhd
    Info (12022): Found design unit 1: Lab10-model File: S:/CPET232/Lab10/Lab10.vhd Line: 18
    Info (12023): Found entity 1: Lab10 File: S:/CPET232/Lab10/Lab10.vhd Line: 5
Info (12127): Elaborating entity "Lab10" for the top level hierarchy
Warning (10492): VHDL Process Statement warning at Lab10.vhd(109): signal "reset_n" is read inside the Process Statement but isn't in the Process Statement's sensitivity list File: S:/CPET232/Lab10/Lab10.vhd Line: 109
Info (12128): Elaborating entity "ssd_driver" for hierarchy "ssd_driver:U1" File: S:/CPET232/Lab10/Lab10.vhd Line: 155
Info (278001): Inferred 3 megafunctions from design logic
    Info (278004): Inferred divider/modulo megafunction ("lpm_divide") from the following logic: "ssd_driver:U1|Mod0" File: S:/CPET232/Lab10/ssd_driver.vhd Line: 39
    Info (278004): Inferred divider/modulo megafunction ("lpm_divide") from the following logic: "ssd_driver:U1|Div0" File: S:/CPET232/Lab10/ssd_driver.vhd Line: 39
    Info (278004): Inferred divider/modulo megafunction ("lpm_divide") from the following logic: "ssd_driver:U1|Mod1" File: S:/CPET232/Lab10/ssd_driver.vhd Line: 40
Info (12130): Elaborated megafunction instantiation "ssd_driver:U1|lpm_divide:Mod0" File: S:/CPET232/Lab10/ssd_driver.vhd Line: 39
Info (12133): Instantiated megafunction "ssd_driver:U1|lpm_divide:Mod0" with the following parameter: File: S:/CPET232/Lab10/ssd_driver.vhd Line: 39
    Info (12134): Parameter "LPM_WIDTHN" = "7"
    Info (12134): Parameter "LPM_WIDTHD" = "7"
    Info (12134): Parameter "LPM_NREPRESENTATION" = "UNSIGNED"
    Info (12134): Parameter "LPM_DREPRESENTATION" = "UNSIGNED"
Info (12021): Found 1 design units, including 1 entities, in source file db/lpm_divide_a2m.tdf
    Info (12023): Found entity 1: lpm_divide_a2m File: S:/CPET232/Lab10/db/lpm_divide_a2m.tdf Line: 24
Info (12021): Found 1 design units, including 1 entities, in source file db/sign_div_unsign_dkh.tdf
    Info (12023): Found entity 1: sign_div_unsign_dkh File: S:/CPET232/Lab10/db/sign_div_unsign_dkh.tdf Line: 24
Info (12021): Found 1 design units, including 1 entities, in source file db/alt_u_div_0te.tdf
    Info (12023): Found entity 1: alt_u_div_0te File: S:/CPET232/Lab10/db/alt_u_div_0te.tdf Line: 22
Info (12130): Elaborated megafunction instantiation "ssd_driver:U1|lpm_divide:Div0" File: S:/CPET232/Lab10/ssd_driver.vhd Line: 39
Info (12133): Instantiated megafunction "ssd_driver:U1|lpm_divide:Div0" with the following parameter: File: S:/CPET232/Lab10/ssd_driver.vhd Line: 39
    Info (12134): Parameter "LPM_WIDTHN" = "7"
    Info (12134): Parameter "LPM_WIDTHD" = "4"
    Info (12134): Parameter "LPM_NREPRESENTATION" = "UNSIGNED"
    Info (12134): Parameter "LPM_DREPRESENTATION" = "UNSIGNED"
Info (12021): Found 1 design units, including 1 entities, in source file db/lpm_divide_4am.tdf
    Info (12023): Found entity 1: lpm_divide_4am File: S:/CPET232/Lab10/db/lpm_divide_4am.tdf Line: 24
Info (12021): Found 1 design units, including 1 entities, in source file db/sign_div_unsign_akh.tdf
    Info (12023): Found entity 1: sign_div_unsign_akh File: S:/CPET232/Lab10/db/sign_div_unsign_akh.tdf Line: 24
Info (12021): Found 1 design units, including 1 entities, in source file db/alt_u_div_qse.tdf
    Info (12023): Found entity 1: alt_u_div_qse File: S:/CPET232/Lab10/db/alt_u_div_qse.tdf Line: 22
Info (12130): Elaborated megafunction instantiation "ssd_driver:U1|lpm_divide:Mod1" File: S:/CPET232/Lab10/ssd_driver.vhd Line: 40
Info (12133): Instantiated megafunction "ssd_driver:U1|lpm_divide:Mod1" with the following parameter: File: S:/CPET232/Lab10/ssd_driver.vhd Line: 40
    Info (12134): Parameter "LPM_WIDTHN" = "7"
    Info (12134): Parameter "LPM_WIDTHD" = "7"
    Info (12134): Parameter "LPM_NREPRESENTATION" = "UNSIGNED"
    Info (12134): Parameter "LPM_DREPRESENTATION" = "UNSIGNED"
Info (286030): Timing-Driven Synthesis is running
Info (16010): Generating hard_block partition "hard_block:auto_generated_inst"
    Info (16011): Adding 0 node(s), including 0 DDIO, 0 PLL, 0 transceiver and 0 LCELL
Info (21057): Implemented 206 device resources after synthesis - the final resource count might be different
    Info (21058): Implemented 7 input pins
    Info (21059): Implemented 16 output pins
    Info (21061): Implemented 183 logic cells
Info: Quartus Prime Analysis & Synthesis was successful. 0 errors, 2 warnings
    Info: Peak virtual memory: 4883 megabytes
    Info: Processing ended: Fri Nov 30 13:31:40 2018
    Info: Elapsed time: 00:00:35
    Info: Total CPU time (on all processors): 00:00:50


